::1 GET /static/css/main.ac967a6b.css.map
::1 GET /static/js/main.c0ebfe7f.js.map
::1 GET /service-worker.js
::1 GET /service-worker.js
::1 POST /api/uploadToEncryption
::1 GET /encryption/
::1 GET /static/css/main.ac967a6b.css.map
::1 GET /static/js/main.c0ebfe7f.js.map
::1 GET /service-worker.js
::1 GET /service-worker.js
::1 GET /static/css/main.ac967a6b.css.map
::1 GET /static/js/main.c0ebfe7f.js.map
::1 GET /service-worker.js
::1 GET /service-worker.js
::1 GET /
::1 GET /static/css/main.ac967a6b.css
::1 GET /static/js/main.c0ebfe7f.js
::1 GET /static/css/main.ac967a6b.css.map
::1 GET /static/js/main.c0ebfe7f.js.map
::1 GET /service-worker.js
::1 GET /service-worker.js
::1 GET /index.html?_sw-precache=34b824626f4a4afa8df4920b8ea84f21
::1 GET /static/css/main.ac967a6b.css
::1 GET /static/js/main.c0ebfe7f.js
::1 GET /static/media/logo.5d5d9eef.svg
::1 POST /api/uploadToEncryption
::1 GET /encryption/
::1 GET /static/css/main.ac967a6b.css.map
::1 GET /static/js/main.c0ebfe7f.js.map
::1 GET /service-worker.js
::1 GET /service-worker.js
::1 GET /static/js/main.c0ebfe7f.js.map
::1 GET /service-worker.js
::1 GET /static/css/main.ac967a6b.css.map
::1 GET /static/css/main.ac967a6b.css.map
::1 GET /static/js/main.c0ebfe7f.js.map
::1 GET /service-worker.js
::1 GET /encryption/EncryptedFile
::1 GET /
::1 GET /static/css/main.ac967a6b.css
::1 GET /static/js/main.c0ebfe7f.js
::1 GET /static/css/main.ac967a6b.css.map
::1 GET /static/js/main.c0ebfe7f.js.map
::1 GET /service-worker.js
::1 GET /service-worker.js
::1 GET /index.html?_sw-precache=34b824626f4a4afa8df4920b8ea84f21
::1 GET /static/css/main.ac967a6b.css
::1 GET /static/js/main.c0ebfe7f.js
::1 GET /static/media/logo.5d5d9eef.svg
::1 POST /api/uploadToEncryption
::1 GET /encryption/
::1 GET /encryption/
::1 GET /encryption/
